0 info it worked if it ends with ok
1 verbose cli [ '/usr/local/bin/node',
1 verbose cli   '/usr/local/bin/npm',
1 verbose cli   'install',
1 verbose cli   '-g',
1 verbose cli   'forever' ]
2 info using npm@2.11.2
3 info using node@v0.12.5
4 verbose install initial load of /usr/local/lib/package.json
5 verbose readDependencies loading dependencies from /usr/local/lib/package.json
6 silly cache add args [ 'forever', null ]
7 verbose cache add spec forever
8 silly cache add parsed spec { raw: 'forever',
8 silly cache add   scope: null,
8 silly cache add   name: 'forever',
8 silly cache add   rawSpec: '',
8 silly cache add   spec: '*',
8 silly cache add   type: 'range' }
9 silly addNamed forever@*
10 verbose addNamed "*" is a valid semver range for forever
11 silly addNameRange { name: 'forever', range: '*', hasData: false }
12 silly mapToRegistry name forever
13 silly mapToRegistry using default registry
14 silly mapToRegistry registry https://registry.npmjs.org/
15 silly mapToRegistry uri https://registry.npmjs.org/forever
16 verbose addNameRange registry:https://registry.npmjs.org/forever not in flight; fetching
17 verbose request uri https://registry.npmjs.org/forever
18 verbose request no auth needed
19 info attempt registry request try #1 at 15:03:08
20 verbose request id 3f2f81f2728eab9e
21 verbose etag "7AVGGC5OOBKZU3QGSPAK8FDUF"
22 http request GET https://registry.npmjs.org/forever
23 http 304 https://registry.npmjs.org/forever
24 silly get cb [ 304,
24 silly get   { date: 'Tue, 04 Aug 2015 07:03:09 GMT',
24 silly get     via: '1.1 varnish',
24 silly get     'cache-control': 'max-age=60',
24 silly get     etag: '"7AVGGC5OOBKZU3QGSPAK8FDUF"',
24 silly get     age: '27',
24 silly get     connection: 'keep-alive',
24 silly get     'x-served-by': 'cache-nrt6131-NRT',
24 silly get     'x-cache': 'HIT',
24 silly get     'x-cache-hits': '1',
24 silly get     'x-timer': 'S1438671789.378868,VS0,VE1',
24 silly get     vary: 'Accept' } ]
25 verbose etag https://registry.npmjs.org/forever from cache
26 verbose get saving forever to /Users/renmengnan/.npm/registry.npmjs.org/forever/.cache.json
27 silly addNameRange number 2 { name: 'forever', range: '*', hasData: true }
28 silly addNameRange versions [ 'forever',
28 silly addNameRange   [ '0.6.0',
28 silly addNameRange     '0.6.1',
28 silly addNameRange     '0.6.2',
28 silly addNameRange     '0.6.3',
28 silly addNameRange     '0.6.4',
28 silly addNameRange     '0.6.5',
28 silly addNameRange     '0.6.6',
28 silly addNameRange     '0.6.7',
28 silly addNameRange     '0.6.8',
28 silly addNameRange     '0.6.9',
28 silly addNameRange     '0.7.0',
28 silly addNameRange     '0.7.1',
28 silly addNameRange     '0.7.2',
28 silly addNameRange     '0.7.3',
28 silly addNameRange     '0.7.4',
28 silly addNameRange     '0.7.5',
28 silly addNameRange     '0.8.0',
28 silly addNameRange     '0.8.1',
28 silly addNameRange     '0.8.2',
28 silly addNameRange     '0.8.3',
28 silly addNameRange     '0.8.4',
28 silly addNameRange     '0.8.5',
28 silly addNameRange     '0.9.0',
28 silly addNameRange     '0.9.1',
28 silly addNameRange     '0.9.2',
28 silly addNameRange     '0.10.0',
28 silly addNameRange     '0.10.5',
28 silly addNameRange     '0.10.6',
28 silly addNameRange     '0.10.7',
28 silly addNameRange     '0.10.8',
28 silly addNameRange     '0.10.9',
28 silly addNameRange     '0.10.10',
28 silly addNameRange     '0.10.11',
28 silly addNameRange     '0.11.0',
28 silly addNameRange     '0.11.1',
28 silly addNameRange     '0.12.0',
28 silly addNameRange     '0.13.0',
28 silly addNameRange     '0.14.1',
28 silly addNameRange     '0.14.2',
28 silly addNameRange     '0.15.0',
28 silly addNameRange     '0.15.1' ] ]
29 silly addNamed forever@0.15.1
30 verbose addNamed "0.15.1" is a plain semver version for forever
31 silly cache afterAdd forever@0.15.1
32 verbose afterAdd /Users/renmengnan/.npm/forever/0.15.1/package/package.json not in flight; writing
33 verbose afterAdd /Users/renmengnan/.npm/forever/0.15.1/package/package.json written
34 silly install resolved [ { name: 'forever',
34 silly install resolved     preferGlobal: 'true',
34 silly install resolved     description: 'A simple CLI tool for ensuring that a given node script runs continuously (i.e. forever)',
34 silly install resolved     version: '0.15.1',
34 silly install resolved     author: { name: 'Charlie Robbins', email: 'charlie.robbins@gmail.com' },
34 silly install resolved     maintainers: [ [Object], [Object], [Object], [Object], [Object] ],
34 silly install resolved     repository:
34 silly install resolved      { type: 'git',
34 silly install resolved        url: 'git+ssh://git@github.com/nodejitsu/forever.git' },
34 silly install resolved     keywords: [ 'cli', 'fault tolerant', 'sysadmin', 'tools' ],
34 silly install resolved     dependencies:
34 silly install resolved      { cliff: '~0.1.9',
34 silly install resolved        clone: '^1.0.2',
34 silly install resolved        colors: '~0.6.2',
34 silly install resolved        flatiron: '~0.4.2',
34 silly install resolved        'forever-monitor': '~1.6.0',
34 silly install resolved        nconf: '~0.6.9',
34 silly install resolved        nssocket: '~0.5.1',
34 silly install resolved        'object-assign': '^3.0.0',
34 silly install resolved        optimist: '~0.6.0',
34 silly install resolved        'path-is-absolute': '~1.0.0',
34 silly install resolved        prettyjson: '^1.1.2',
34 silly install resolved        shush: '^1.0.0',
34 silly install resolved        timespan: '~2.3.0',
34 silly install resolved        utile: '~0.2.1',
34 silly install resolved        winston: '~0.8.1' },
34 silly install resolved     devDependencies:
34 silly install resolved      { broadway: '~0.3.6',
34 silly install resolved        eventemitter2: '0.4.x',
34 silly install resolved        request: '2.x.x',
34 silly install resolved        vows: '0.7.x' },
34 silly install resolved     bin: { forever: './bin/forever' },
34 silly install resolved     main: './lib/forever',
34 silly install resolved     scripts: { test: 'vows test/**/*-test.js --spec -i' },
34 silly install resolved     engines: { node: '>= 0.8.x' },
34 silly install resolved     license: 'MIT',
34 silly install resolved     gitHead: '6c157fafe909eb555b9e73028338377b05d51f51',
34 silly install resolved     bugs: { url: 'https://github.com/nodejitsu/forever/issues' },
34 silly install resolved     homepage: 'https://github.com/nodejitsu/forever',
34 silly install resolved     _id: 'forever@0.15.1',
34 silly install resolved     _shasum: '5e4e3d4ef946bef88ddcb9cc7412e478ad19e04e',
34 silly install resolved     _from: 'forever@*',
34 silly install resolved     _npmVersion: '2.6.1',
34 silly install resolved     _nodeVersion: '0.10.40',
34 silly install resolved     _npmUser: { name: 'indexzero', email: 'charlie.robbins@gmail.com' },
34 silly install resolved     dist:
34 silly install resolved      { shasum: '5e4e3d4ef946bef88ddcb9cc7412e478ad19e04e',
34 silly install resolved        tarball: 'http://registry.npmjs.org/forever/-/forever-0.15.1.tgz' },
34 silly install resolved     directories: {},
34 silly install resolved     _resolved: 'https://registry.npmjs.org/forever/-/forever-0.15.1.tgz',
34 silly install resolved     readme: 'ERROR: No README data found!' } ]
35 info install forever@0.15.1 into /usr/local/lib
36 info installOne forever@0.15.1
37 verbose installOne of forever to /usr/local/lib not in flight; installing
38 warn locking Error: EACCES, open '/Users/renmengnan/.npm/_locks/forever-ae9c3f2b6cc23ec5.lock.STALE'
38 warn locking     at Error (native)
38 warn locking  /Users/renmengnan/.npm/_locks/forever-ae9c3f2b6cc23ec5.lock failed { [Error: EACCES, open '/Users/renmengnan/.npm/_locks/forever-ae9c3f2b6cc23ec5.lock.STALE']
38 warn locking   errno: -13,
38 warn locking   code: 'EACCES',
38 warn locking   path: '/Users/renmengnan/.npm/_locks/forever-ae9c3f2b6cc23ec5.lock.STALE' }
39 verbose stack Error: Attempt to unlock /usr/local/lib/node_modules/forever, which hasn't been locked
39 verbose stack     at unlock (/usr/local/lib/node_modules/npm/lib/utils/locker.js:66:11)
39 verbose stack     at cb (/usr/local/lib/node_modules/npm/lib/install.js:1017:5)
39 verbose stack     at /usr/local/lib/node_modules/npm/lib/install.js:1021:20
39 verbose stack     at /usr/local/lib/node_modules/npm/lib/utils/locker.js:40:9
39 verbose stack     at cb (/usr/local/lib/node_modules/npm/node_modules/lockfile/lockfile.js:149:38)
39 verbose stack     at /usr/local/lib/node_modules/npm/node_modules/lockfile/lockfile.js:227:24
39 verbose stack     at /usr/local/lib/node_modules/npm/node_modules/lockfile/lockfile.js:177:38
39 verbose stack     at FSReqWrap.oncomplete (fs.js:95:15)
40 verbose cwd /Users/renmengnan/git/weixin
41 error Darwin 14.4.0
42 error argv "/usr/local/bin/node" "/usr/local/bin/npm" "install" "-g" "forever"
43 error node v0.12.5
44 error npm  v2.11.2
45 error Attempt to unlock /usr/local/lib/node_modules/forever, which hasn't been locked
46 error If you need help, you may report this error at:
46 error     <https://github.com/npm/npm/issues>
47 verbose exit [ 1, true ]
